<?xml version="1.0" encoding="UTF-8"?>
<testsuite name="MainTest" tests="4" skipped="0" failures="0" errors="0" timestamp="2022-05-12T13:29:10" hostname="Daisys-MBP.modem" time="1.636">
  <properties/>
  <testcase name="CurrentNutritionTest()" classname="MainTest" time="1.532"/>
  <testcase name="setMaxTest()" classname="MainTest" time="0.019"/>
  <testcase name="ContentTest()" classname="MainTest" time="0.06"/>
  <testcase name="addedIngredientsTest()" classname="MainTest" time="0.006"/>
  <system-out><![CDATA[]]></system-out>
  <system-err><![CDATA[]]></system-err>
</testsuite>
